This file contains any messages produced by compilers while
running configure, to aid debugging if configure makes a mistake.

It was created by msmtp configure 1.4.16, which was
generated by GNU Autoconf 2.61.  Invocation command line was

  $ ./configure --prefix=/usr/local/msmtp

## --------- ##
## Platform. ##
## --------- ##

hostname = alexfeng
uname -m = x86_64
uname -r = 3.19.0-15-generic
uname -s = Linux
uname -v = #15-Ubuntu SMP Thu Apr 16 23:32:37 UTC 2015

/usr/bin/uname -p = unknown
/bin/uname -X     = unknown

/bin/arch              = unknown
/usr/bin/arch -k       = unknown
/usr/convex/getsysinfo = unknown
/usr/bin/hostinfo      = unknown
/bin/machine           = unknown
/usr/bin/oslevel       = unknown
/bin/universe          = unknown

PATH: /home/alexfeng/.local/bin
PATH: /home/alexfeng/.local/bin
PATH: /usr/local/sbin
PATH: /usr/local/bin
PATH: /usr/sbin
PATH: /usr/bin
PATH: /sbin
PATH: /bin
PATH: /usr/games
PATH: /usr/local/games
PATH: /apps/toos/bin
PATH: /apps/toos/bin


## ----------- ##
## Core tests. ##
## ----------- ##

configure:2022: checking build system type
configure:2040: result: x86_64-unknown-linux-gnu
configure:2062: checking host system type
configure:2077: result: x86_64-unknown-linux-gnu
configure:2099: checking target system type
configure:2114: result: x86_64-unknown-linux-gnu
configure:2158: checking for a BSD-compatible install
configure:2214: result: /usr/bin/install -c
configure:2225: checking whether build environment is sane
configure:2268: result: yes
configure:2296: checking for a thread-safe mkdir -p
configure:2335: result: /bin/mkdir -p
configure:2348: checking for gawk
configure:2364: found /usr/bin/gawk
configure:2375: result: gawk
configure:2386: checking whether make sets $(MAKE)
configure:2407: result: yes
configure:2646: checking for gcc
configure:2662: found /usr/bin/gcc
configure:2673: result: gcc
configure:2911: checking for C compiler version
configure:2918: gcc --version >&5
gcc (Ubuntu 4.9.2-10ubuntu13) 4.9.2
Copyright (C) 2014 Free Software Foundation, Inc.
This is free software; see the source for copying conditions.  There is NO
warranty; not even for MERCHANTABILITY or FITNESS FOR A PARTICULAR PURPOSE.

configure:2921: $? = 0
configure:2928: gcc -v >&5
Using built-in specs.
COLLECT_GCC=gcc
COLLECT_LTO_WRAPPER=/usr/lib/gcc/x86_64-linux-gnu/4.9/lto-wrapper
Target: x86_64-linux-gnu
Configured with: ../src/configure -v --with-pkgversion='Ubuntu 4.9.2-10ubuntu13' --with-bugurl=file:///usr/share/doc/gcc-4.9/README.Bugs --enable-languages=c,c++,java,go,d,fortran,objc,obj-c++ --prefix=/usr --program-suffix=-4.9 --enable-shared --enable-linker-build-id --libexecdir=/usr/lib --without-included-gettext --enable-threads=posix --with-gxx-include-dir=/usr/include/c++/4.9 --libdir=/usr/lib --enable-nls --with-sysroot=/ --enable-clocale=gnu --enable-libstdcxx-debug --enable-libstdcxx-time=yes --enable-gnu-unique-object --disable-vtable-verify --enable-plugin --with-system-zlib --disable-browser-plugin --enable-java-awt=gtk --enable-gtk-cairo --with-java-home=/usr/lib/jvm/java-1.5.0-gcj-4.9-amd64/jre --enable-java-home --with-jvm-root-dir=/usr/lib/jvm/java-1.5.0-gcj-4.9-amd64 --with-jvm-jar-dir=/usr/lib/jvm-exports/java-1.5.0-gcj-4.9-amd64 --with-arch-directory=amd64 --with-ecj-jar=/usr/share/java/eclipse-ecj.jar --enable-objc-gc --enable-multiarch --disable-werror --with-arch-32=i686 --with-abi=m64 --with-multilib-list=m32,m64,mx32 --enable-multilib --with-tune=generic --enable-checking=release --build=x86_64-linux-gnu --host=x86_64-linux-gnu --target=x86_64-linux-gnu
Thread model: posix
gcc version 4.9.2 (Ubuntu 4.9.2-10ubuntu13) 
configure:2931: $? = 0
configure:2938: gcc -V >&5
gcc: error: unrecognized command line option '-V'
gcc: fatal error: no input files
compilation terminated.
configure:2941: $? = 4
configure:2964: checking for C compiler default output file name
configure:2991: gcc    conftest.c  >&5
configure:2994: $? = 0
configure:3032: result: a.out
configure:3049: checking whether the C compiler works
configure:3059: ./a.out
configure:3062: $? = 0
configure:3079: result: yes
configure:3086: checking whether we are cross compiling
configure:3088: result: no
configure:3091: checking for suffix of executables
configure:3098: gcc -o conftest    conftest.c  >&5
configure:3101: $? = 0
configure:3125: result: 
configure:3131: checking for suffix of object files
configure:3157: gcc -c   conftest.c >&5
configure:3160: $? = 0
configure:3183: result: o
configure:3187: checking whether we are using the GNU C compiler
configure:3216: gcc -c   conftest.c >&5
configure:3222: $? = 0
configure:3239: result: yes
configure:3244: checking whether gcc accepts -g
configure:3274: gcc -c -g  conftest.c >&5
configure:3280: $? = 0
configure:3379: result: yes
configure:3396: checking for gcc option to accept ISO C89
configure:3470: gcc  -c -g -O2  conftest.c >&5
configure:3476: $? = 0
configure:3499: result: none needed
configure:3528: checking for style of include used by make
configure:3556: result: GNU
configure:3581: checking dependency style of gcc
configure:3672: result: gcc3
configure:3730: checking for ranlib
configure:3746: found /usr/bin/ranlib
configure:3757: result: ranlib
configure:3795: checking how to run the C preprocessor
configure:3835: gcc -E  conftest.c
configure:3841: $? = 0
configure:3872: gcc -E  conftest.c
conftest.c:11:28: fatal error: ac_nonexistent.h: No such file or directory
 #include <ac_nonexistent.h>
                            ^
compilation terminated.
configure:3878: $? = 1
configure: failed program was:
| /* confdefs.h.  */
| #define PACKAGE_NAME "msmtp"
| #define PACKAGE_TARNAME "msmtp"
| #define PACKAGE_VERSION "1.4.16"
| #define PACKAGE_STRING "msmtp 1.4.16"
| #define PACKAGE_BUGREPORT "marlam@marlam.de"
| #define PACKAGE "msmtp"
| #define VERSION "1.4.16"
| #define _GNU_SOURCE 1
| /* end confdefs.h.  */
| #include <ac_nonexistent.h>
configure:3911: result: gcc -E
configure:3940: gcc -E  conftest.c
configure:3946: $? = 0
configure:3977: gcc -E  conftest.c
conftest.c:11:28: fatal error: ac_nonexistent.h: No such file or directory
 #include <ac_nonexistent.h>
                            ^
compilation terminated.
configure:3983: $? = 1
configure: failed program was:
| /* confdefs.h.  */
| #define PACKAGE_NAME "msmtp"
| #define PACKAGE_TARNAME "msmtp"
| #define PACKAGE_VERSION "1.4.16"
| #define PACKAGE_STRING "msmtp 1.4.16"
| #define PACKAGE_BUGREPORT "marlam@marlam.de"
| #define PACKAGE "msmtp"
| #define VERSION "1.4.16"
| #define _GNU_SOURCE 1
| /* end confdefs.h.  */
| #include <ac_nonexistent.h>
configure:4021: checking for grep that handles long lines and -e
configure:4095: result: /bin/grep
configure:4100: checking for egrep
configure:4178: result: /bin/grep -E
configure:4183: checking for ANSI C header files
configure:4213: gcc -c -g -O2  conftest.c >&5
configure:4219: $? = 0
configure:4318: gcc -o conftest -g -O2   conftest.c  >&5
configure:4321: $? = 0
configure:4327: ./conftest
configure:4330: $? = 0
configure:4347: result: yes
configure:4371: checking for sys/types.h
configure:4392: gcc -c -g -O2  conftest.c >&5
configure:4398: $? = 0
configure:4414: result: yes
configure:4371: checking for sys/stat.h
configure:4392: gcc -c -g -O2  conftest.c >&5
configure:4398: $? = 0
configure:4414: result: yes
configure:4371: checking for stdlib.h
configure:4392: gcc -c -g -O2  conftest.c >&5
configure:4398: $? = 0
configure:4414: result: yes
configure:4371: checking for string.h
configure:4392: gcc -c -g -O2  conftest.c >&5
configure:4398: $? = 0
configure:4414: result: yes
configure:4371: checking for memory.h
configure:4392: gcc -c -g -O2  conftest.c >&5
configure:4398: $? = 0
configure:4414: result: yes
configure:4371: checking for strings.h
configure:4392: gcc -c -g -O2  conftest.c >&5
configure:4398: $? = 0
configure:4414: result: yes
configure:4371: checking for inttypes.h
configure:4392: gcc -c -g -O2  conftest.c >&5
configure:4398: $? = 0
configure:4414: result: yes
configure:4371: checking for stdint.h
configure:4392: gcc -c -g -O2  conftest.c >&5
configure:4398: $? = 0
configure:4414: result: yes
configure:4371: checking for unistd.h
configure:4392: gcc -c -g -O2  conftest.c >&5
configure:4398: $? = 0
configure:4414: result: yes
configure:4437: checking minix/config.h usability
configure:4454: gcc -c -g -O2  conftest.c >&5
conftest.c:54:26: fatal error: minix/config.h: No such file or directory
 #include <minix/config.h>
                          ^
compilation terminated.
configure:4460: $? = 1
configure: failed program was:
| /* confdefs.h.  */
| #define PACKAGE_NAME "msmtp"
| #define PACKAGE_TARNAME "msmtp"
| #define PACKAGE_VERSION "1.4.16"
| #define PACKAGE_STRING "msmtp 1.4.16"
| #define PACKAGE_BUGREPORT "marlam@marlam.de"
| #define PACKAGE "msmtp"
| #define VERSION "1.4.16"
| #define _GNU_SOURCE 1
| #define STDC_HEADERS 1
| #define HAVE_SYS_TYPES_H 1
| #define HAVE_SYS_STAT_H 1
| #define HAVE_STDLIB_H 1
| #define HAVE_STRING_H 1
| #define HAVE_MEMORY_H 1
| #define HAVE_STRINGS_H 1
| #define HAVE_INTTYPES_H 1
| #define HAVE_STDINT_H 1
| #define HAVE_UNISTD_H 1
| /* end confdefs.h.  */
| #include <stdio.h>
| #ifdef HAVE_SYS_TYPES_H
| # include <sys/types.h>
| #endif
| #ifdef HAVE_SYS_STAT_H
| # include <sys/stat.h>
| #endif
| #ifdef STDC_HEADERS
| # include <stdlib.h>
| # include <stddef.h>
| #else
| # ifdef HAVE_STDLIB_H
| #  include <stdlib.h>
| # endif
| #endif
| #ifdef HAVE_STRING_H
| # if !defined STDC_HEADERS && defined HAVE_MEMORY_H
| #  include <memory.h>
| # endif
| # include <string.h>
| #endif
| #ifdef HAVE_STRINGS_H
| # include <strings.h>
| #endif
| #ifdef HAVE_INTTYPES_H
| # include <inttypes.h>
| #endif
| #ifdef HAVE_STDINT_H
| # include <stdint.h>
| #endif
| #ifdef HAVE_UNISTD_H
| # include <unistd.h>
| #endif
| #include <minix/config.h>
configure:4474: result: no
configure:4478: checking minix/config.h presence
configure:4493: gcc -E  conftest.c
conftest.c:21:26: fatal error: minix/config.h: No such file or directory
 #include <minix/config.h>
                          ^
compilation terminated.
configure:4499: $? = 1
configure: failed program was:
| /* confdefs.h.  */
| #define PACKAGE_NAME "msmtp"
| #define PACKAGE_TARNAME "msmtp"
| #define PACKAGE_VERSION "1.4.16"
| #define PACKAGE_STRING "msmtp 1.4.16"
| #define PACKAGE_BUGREPORT "marlam@marlam.de"
| #define PACKAGE "msmtp"
| #define VERSION "1.4.16"
| #define _GNU_SOURCE 1
| #define STDC_HEADERS 1
| #define HAVE_SYS_TYPES_H 1
| #define HAVE_SYS_STAT_H 1
| #define HAVE_STDLIB_H 1
| #define HAVE_STRING_H 1
| #define HAVE_MEMORY_H 1
| #define HAVE_STRINGS_H 1
| #define HAVE_INTTYPES_H 1
| #define HAVE_STDINT_H 1
| #define HAVE_UNISTD_H 1
| /* end confdefs.h.  */
| #include <minix/config.h>
configure:4513: result: no
configure:4546: checking for minix/config.h
configure:4553: result: no
configure:4584: checking whether it is safe to define __EXTENSIONS__
configure:4612: gcc -c -g -O2  conftest.c >&5
configure:4618: $? = 0
configure:4633: result: yes
configure:4658: checking for _LARGEFILE_SOURCE value needed for large files
configure:4687: gcc -o conftest -g -O2   conftest.c  >&5
configure:4693: $? = 0
configure:4759: result: no
configure:4784: checking for gcc option to accept ISO C99
configure:4943: gcc  -c -g -O2  conftest.c >&5
conftest.c:77:29: error: expected ';', ',' or ')' before 'text'
 test_restrict (ccp restrict text)
                             ^
conftest.c: In function 'main':
conftest.c:131:18: error: expected '=', ',', ';', 'asm' or '__attribute__' before 'newvar'
   char *restrict newvar = "Another string";
                  ^
conftest.c:131:18: error: 'newvar' undeclared (first use in this function)
conftest.c:131:18: note: each undeclared identifier is reported only once for each function it appears in
conftest.c:141:3: error: 'for' loop initial declarations are only allowed in C99 or C11 mode
   for (int i = 0; i < ia->datasize; ++i)
   ^
conftest.c:141:3: note: use option -std=c99, -std=gnu99, -std=c11 or -std=gnu11 to compile your code
configure:4949: $? = 1
configure: failed program was:
| /* confdefs.h.  */
| #define PACKAGE_NAME "msmtp"
| #define PACKAGE_TARNAME "msmtp"
| #define PACKAGE_VERSION "1.4.16"
| #define PACKAGE_STRING "msmtp 1.4.16"
| #define PACKAGE_BUGREPORT "marlam@marlam.de"
| #define PACKAGE "msmtp"
| #define VERSION "1.4.16"
| #define _GNU_SOURCE 1
| #define STDC_HEADERS 1
| #define HAVE_SYS_TYPES_H 1
| #define HAVE_SYS_STAT_H 1
| #define HAVE_STDLIB_H 1
| #define HAVE_STRING_H 1
| #define HAVE_MEMORY_H 1
| #define HAVE_STRINGS_H 1
| #define HAVE_INTTYPES_H 1
| #define HAVE_STDINT_H 1
| #define HAVE_UNISTD_H 1
| #define __EXTENSIONS__ 1
| #define _ALL_SOURCE 1
| #define _GNU_SOURCE 1
| #define _POSIX_PTHREAD_SEMANTICS 1
| #define _TANDEM_SOURCE 1
| #define HAVE_FSEEKO 1
| /* end confdefs.h.  */
| #include <stdarg.h>
| #include <stdbool.h>
| #include <stdlib.h>
| #include <wchar.h>
| #include <stdio.h>
| 
| // Check varargs macros.  These examples are taken from C99 6.10.3.5.
| #define debug(...) fprintf (stderr, __VA_ARGS__)
| #define showlist(...) puts (#__VA_ARGS__)
| #define report(test,...) ((test) ? puts (#test) : printf (__VA_ARGS__))
| static void
| test_varargs_macros (void)
| {
|   int x = 1234;
|   int y = 5678;
|   debug ("Flag");
|   debug ("X = %d\n", x);
|   showlist (The first, second, and third items.);
|   report (x>y, "x is %d but y is %d", x, y);
| }
| 
| // Check long long types.
| #define BIG64 18446744073709551615ull
| #define BIG32 4294967295ul
| #define BIG_OK (BIG64 / BIG32 == 4294967297ull && BIG64 % BIG32 == 0)
| #if !BIG_OK
|   your preprocessor is broken;
| #endif
| #if BIG_OK
| #else
|   your preprocessor is broken;
| #endif
| static long long int bignum = -9223372036854775807LL;
| static unsigned long long int ubignum = BIG64;
| 
| struct incomplete_array
| {
|   int datasize;
|   double data[];
| };
| 
| struct named_init {
|   int number;
|   const wchar_t *name;
|   double average;
| };
| 
| typedef const char *ccp;
| 
| static inline int
| test_restrict (ccp restrict text)
| {
|   // See if C++-style comments work.
|   // Iterate through items via the restricted pointer.
|   // Also check for declarations in for loops.
|   for (unsigned int i = 0; *(text+i) != '\0'; ++i)
|     continue;
|   return 0;
| }
| 
| // Check varargs and va_copy.
| static void
| test_varargs (const char *format, ...)
| {
|   va_list args;
|   va_start (args, format);
|   va_list args_copy;
|   va_copy (args_copy, args);
| 
|   const char *str;
|   int number;
|   float fnumber;
| 
|   while (*format)
|     {
|       switch (*format++)
| 	{
| 	case 's': // string
| 	  str = va_arg (args_copy, const char *);
| 	  break;
| 	case 'd': // int
| 	  number = va_arg (args_copy, int);
| 	  break;
| 	case 'f': // float
| 	  fnumber = va_arg (args_copy, double);
| 	  break;
| 	default:
| 	  break;
| 	}
|     }
|   va_end (args_copy);
|   va_end (args);
| }
| 
| int
| main ()
| {
| 
|   // Check bool.
|   _Bool success = false;
| 
|   // Check restrict.
|   if (test_restrict ("String literal") == 0)
|     success = true;
|   char *restrict newvar = "Another string";
| 
|   // Check varargs.
|   test_varargs ("s, d' f .", "string", 65, 34.234);
|   test_varargs_macros ();
| 
|   // Check flexible array members.
|   struct incomplete_array *ia =
|     malloc (sizeof (struct incomplete_array) + (sizeof (double) * 10));
|   ia->datasize = 10;
|   for (int i = 0; i < ia->datasize; ++i)
|     ia->data[i] = i * 1.234;
| 
|   // Check named initializers.
|   struct named_init ni = {
|     .number = 34,
|     .name = L"Test wide string",
|     .average = 543.34343,
|   };
| 
|   ni.number = 58;
| 
|   int dynamic_array[ni.number];
|   dynamic_array[ni.number - 1] = 543;
| 
|   // work around unused variable warnings
|   return (!success || bignum == 0LL || ubignum == 0uLL || newvar[0] == 'x'
| 	  || dynamic_array[ni.number - 1] != 543);
| 
|   ;
|   return 0;
| }
configure:4943: gcc -std=gnu99 -c -g -O2  conftest.c >&5
configure:4949: $? = 0
configure:4979: result: -std=gnu99
configure:5109: checking for gcc -std=gnu99 option to accept ISO Standard C
configure:5120: result: -std=gnu99
configure:5175: checking for ranlib
configure:5202: result: ranlib
configure:5241: checking for a BSD-compatible install
configure:5297: result: /usr/bin/install -c
configure:5315: checking for special C compiler options needed for large files
configure:5408: result: no
configure:5414: checking for _FILE_OFFSET_BITS value needed for large files
configure:5449: gcc -std=gnu99 -c -g -O2  conftest.c >&5
configure:5455: $? = 0
configure:5523: result: no
configure:5667: checking for working alloca.h
configure:5694: gcc -std=gnu99 -o conftest -g -O2   conftest.c  >&5
configure:5700: $? = 0
configure:5717: result: yes
configure:5727: checking for alloca
configure:5774: gcc -std=gnu99 -o conftest -g -O2   conftest.c  >&5
configure:5780: $? = 0
configure:5797: result: yes
configure:6028: checking for inline
configure:6054: gcc -std=gnu99 -c -g -O2  conftest.c >&5
configure:6060: $? = 0
configure:6078: result: inline
configure:6097: checking for C/C++ restrict keyword
configure:6132: gcc -std=gnu99 -c -g -O2  conftest.c >&5
configure:6138: $? = 0
configure:6156: result: __restrict
configure:6172: checking whether byte ordering is bigendian
configure:6205: gcc -std=gnu99 -c -g -O2  conftest.c >&5
configure:6211: $? = 0
configure:6243: gcc -std=gnu99 -c -g -O2  conftest.c >&5
conftest.c: In function 'main':
conftest.c:37:2: error: unknown type name 'not'
  not big endian
  ^
conftest.c:37:10: error: expected '=', ',', ';', 'asm' or '__attribute__' before 'endian'
  not big endian
          ^
configure:6249: $? = 1
configure: failed program was:
| /* confdefs.h.  */
| #define PACKAGE_NAME "msmtp"
| #define PACKAGE_TARNAME "msmtp"
| #define PACKAGE_VERSION "1.4.16"
| #define PACKAGE_STRING "msmtp 1.4.16"
| #define PACKAGE_BUGREPORT "marlam@marlam.de"
| #define PACKAGE "msmtp"
| #define VERSION "1.4.16"
| #define _GNU_SOURCE 1
| #define STDC_HEADERS 1
| #define HAVE_SYS_TYPES_H 1
| #define HAVE_SYS_STAT_H 1
| #define HAVE_STDLIB_H 1
| #define HAVE_STRING_H 1
| #define HAVE_MEMORY_H 1
| #define HAVE_STRINGS_H 1
| #define HAVE_INTTYPES_H 1
| #define HAVE_STDINT_H 1
| #define HAVE_UNISTD_H 1
| #define __EXTENSIONS__ 1
| #define _ALL_SOURCE 1
| #define _GNU_SOURCE 1
| #define _POSIX_PTHREAD_SEMANTICS 1
| #define _TANDEM_SOURCE 1
| #define HAVE_FSEEKO 1
| #define HAVE_ALLOCA_H 1
| #define HAVE_ALLOCA 1
| #define restrict __restrict
| /* end confdefs.h.  */
| #include <sys/types.h>
| #include <sys/param.h>
| 
| int
| main ()
| {
| #if BYTE_ORDER != BIG_ENDIAN
|  not big endian
| #endif
| 
|   ;
|   return 0;
| }
configure:6389: result: no
configure:6410: checking whether the preprocessor supports include_next
configure:6443: gcc -std=gnu99 -c -g -O2  -Iconftestd1 -Iconftestd2 conftest.c >&5
configure:6449: $? = 0
configure:6467: result: yes
configure:6502: checking float.h usability
configure:6519: gcc -std=gnu99 -c -g -O2  conftest.c >&5
configure:6525: $? = 0
configure:6539: result: yes
configure:6543: checking float.h presence
configure:6558: gcc -E  conftest.c
configure:6564: $? = 0
configure:6578: result: yes
configure:6611: checking for float.h
configure:6619: result: yes
configure:6502: checking stdio_ext.h usability
configure:6519: gcc -std=gnu99 -c -g -O2  conftest.c >&5
configure:6525: $? = 0
configure:6539: result: yes
configure:6543: checking stdio_ext.h presence
configure:6558: gcc -E  conftest.c
configure:6564: $? = 0
configure:6578: result: yes
configure:6611: checking for stdio_ext.h
configure:6619: result: yes
configure:6502: checking termios.h usability
configure:6519: gcc -std=gnu99 -c -g -O2  conftest.c >&5
configure:6525: $? = 0
configure:6539: result: yes
configure:6543: checking termios.h presence
configure:6558: gcc -E  conftest.c
configure:6564: $? = 0
configure:6578: result: yes
configure:6611: checking for termios.h
configure:6619: result: yes
configure:6502: checking sys/socket.h usability
configure:6519: gcc -std=gnu99 -c -g -O2  conftest.c >&5
configure:6525: $? = 0
configure:6539: result: yes
configure:6543: checking sys/socket.h presence
configure:6558: gcc -E  conftest.c
configure:6564: $? = 0
configure:6578: result: yes
configure:6611: checking for sys/socket.h
configure:6619: result: yes
configure:6502: checking stdarg.h usability
configure:6519: gcc -std=gnu99 -c -g -O2  conftest.c >&5
configure:6525: $? = 0
configure:6539: result: yes
configure:6543: checking stdarg.h presence
configure:6558: gcc -E  conftest.c
configure:6564: $? = 0
configure:6578: result: yes
configure:6611: checking for stdarg.h
configure:6619: result: yes
configure:6492: checking for stdint.h
configure:6498: result: yes
configure:6502: checking wchar.h usability
configure:6519: gcc -std=gnu99 -c -g -O2  conftest.c >&5
configure:6525: $? = 0
configure:6539: result: yes
configure:6543: checking wchar.h presence
configure:6558: gcc -E  conftest.c
configure:6564: $? = 0
configure:6578: result: yes
configure:6611: checking for wchar.h
configure:6619: result: yes
configure:6502: checking stdio.h usability
configure:6519: gcc -std=gnu99 -c -g -O2  conftest.c >&5
configure:6525: $? = 0
configure:6539: result: yes
configure:6543: checking stdio.h presence
configure:6558: gcc -E  conftest.c
configure:6564: $? = 0
configure:6578: result: yes
configure:6611: checking for stdio.h
configure:6619: result: yes
configure:6492: checking for stdlib.h
configure:6498: result: yes
configure:6502: checking sysexits.h usability
configure:6519: gcc -std=gnu99 -c -g -O2  conftest.c >&5
configure:6525: $? = 0
configure:6539: result: yes
configure:6543: checking sysexits.h presence
configure:6558: gcc -E  conftest.c
configure:6564: $? = 0
configure:6578: result: yes
configure:6611: checking for sysexits.h
configure:6619: result: yes
configure:6492: checking for unistd.h
configure:6498: result: yes
configure:6682: checking whether stdin defaults to large file offsets
configure:6716: gcc -std=gnu99 -o conftest -g -O2   conftest.c  >&5
configure:6722: $? = 0
configure:6739: result: yes
configure:6743: checking whether getdelim is declared
configure:6772: gcc -std=gnu99 -c -g -O2  conftest.c >&5
configure:6778: $? = 0
configure:6793: result: yes
configure:6813: checking whether getline is declared
configure:6842: gcc -std=gnu99 -c -g -O2  conftest.c >&5
configure:6848: $? = 0
configure:6863: result: yes
configure:6899: checking getopt.h usability
configure:6916: gcc -std=gnu99 -c -g -O2  conftest.c >&5
configure:6922: $? = 0
configure:6936: result: yes
configure:6940: checking getopt.h presence
configure:6955: gcc -E  conftest.c
configure:6961: $? = 0
configure:6975: result: yes
configure:7008: checking for getopt.h
configure:7016: result: yes
configure:7038: checking for getopt_long_only
configure:7094: gcc -std=gnu99 -o conftest -g -O2   conftest.c  >&5
configure:7100: $? = 0
configure:7118: result: yes
configure:7133: checking whether optreset is declared
configure:7163: gcc -std=gnu99 -c -g -O2  conftest.c >&5
conftest.c: In function 'main':
conftest.c:52:10: error: 'optreset' undeclared (first use in this function)
   (void) optreset;
          ^
conftest.c:52:10: note: each undeclared identifier is reported only once for each function it appears in
configure:7169: $? = 1
configure: failed program was:
| /* confdefs.h.  */
| #define PACKAGE_NAME "msmtp"
| #define PACKAGE_TARNAME "msmtp"
| #define PACKAGE_VERSION "1.4.16"
| #define PACKAGE_STRING "msmtp 1.4.16"
| #define PACKAGE_BUGREPORT "marlam@marlam.de"
| #define PACKAGE "msmtp"
| #define VERSION "1.4.16"
| #define _GNU_SOURCE 1
| #define STDC_HEADERS 1
| #define HAVE_SYS_TYPES_H 1
| #define HAVE_SYS_STAT_H 1
| #define HAVE_STDLIB_H 1
| #define HAVE_STRING_H 1
| #define HAVE_MEMORY_H 1
| #define HAVE_STRINGS_H 1
| #define HAVE_INTTYPES_H 1
| #define HAVE_STDINT_H 1
| #define HAVE_UNISTD_H 1
| #define __EXTENSIONS__ 1
| #define _ALL_SOURCE 1
| #define _GNU_SOURCE 1
| #define _POSIX_PTHREAD_SEMANTICS 1
| #define _TANDEM_SOURCE 1
| #define HAVE_FSEEKO 1
| #define HAVE_ALLOCA_H 1
| #define HAVE_ALLOCA 1
| #define restrict __restrict
| #define HAVE_INCLUDE_NEXT 1
| #define HAVE_FLOAT_H 1
| #define HAVE_STDIO_EXT_H 1
| #define HAVE_TERMIOS_H 1
| #define HAVE_SYS_SOCKET_H 1
| #define HAVE_STDARG_H 1
| #define HAVE_STDINT_H 1
| #define HAVE_WCHAR_H 1
| #define HAVE_STDIO_H 1
| #define HAVE_STDLIB_H 1
| #define HAVE_SYSEXITS_H 1
| #define HAVE_UNISTD_H 1
| #define HAVE_DECL_GETDELIM 1
| #define HAVE_DECL_GETLINE 1
| #define HAVE_GETOPT_H 1
| #define HAVE_GETOPT_LONG_ONLY 1
| /* end confdefs.h.  */
| #include <getopt.h>
| 
| int
| main ()
| {
| #ifndef optreset
|   (void) optreset;
| #endif
| 
|   ;
|   return 0;
| }
configure:7184: result: no
configure:7193: checking for working GNU getopt function
configure:7286: gcc -std=gnu99 -o conftest -g -O2   conftest.c  >&5
configure:7289: $? = 0
configure:7295: ./conftest
conftest: invalid option -- '+'
configure:7298: $? = 0
configure:7314: result: yes
configure:7322: checking whether getenv is declared
configure:7351: gcc -std=gnu99 -c -g -O2  conftest.c >&5
configure:7357: $? = 0
configure:7372: result: yes
configure:7392: checking whether getpass is declared
configure:7421: gcc -std=gnu99 -c -g -O2  conftest.c >&5
configure:7427: $? = 0
configure:7442: result: yes
configure:7481: checking for __fsetlocking
configure:7537: gcc -std=gnu99 -o conftest -g -O2   conftest.c  >&5
configure:7543: $? = 0
configure:7561: result: yes
configure:7481: checking for tcgetattr
configure:7537: gcc -std=gnu99 -o conftest -g -O2   conftest.c  >&5
configure:7543: $? = 0
configure:7561: result: yes
configure:7481: checking for tcsetattr
configure:7537: gcc -std=gnu99 -o conftest -g -O2   conftest.c  >&5
configure:7543: $? = 0
configure:7561: result: yes
configure:7481: checking for vasnprintf
configure:7537: gcc -std=gnu99 -o conftest -g -O2   conftest.c  >&5
/tmp/ccvSaYSO.o: In function `main':
/home/alexfeng/study/py/msmtp-1.4.16/conftest.c:85: undefined reference to `vasnprintf'
collect2: error: ld returned 1 exit status
configure:7543: $? = 1
configure: failed program was:
| /* confdefs.h.  */
| #define PACKAGE_NAME "msmtp"
| #define PACKAGE_TARNAME "msmtp"
| #define PACKAGE_VERSION "1.4.16"
| #define PACKAGE_STRING "msmtp 1.4.16"
| #define PACKAGE_BUGREPORT "marlam@marlam.de"
| #define PACKAGE "msmtp"
| #define VERSION "1.4.16"
| #define _GNU_SOURCE 1
| #define STDC_HEADERS 1
| #define HAVE_SYS_TYPES_H 1
| #define HAVE_SYS_STAT_H 1
| #define HAVE_STDLIB_H 1
| #define HAVE_STRING_H 1
| #define HAVE_MEMORY_H 1
| #define HAVE_STRINGS_H 1
| #define HAVE_INTTYPES_H 1
| #define HAVE_STDINT_H 1
| #define HAVE_UNISTD_H 1
| #define __EXTENSIONS__ 1
| #define _ALL_SOURCE 1
| #define _GNU_SOURCE 1
| #define _POSIX_PTHREAD_SEMANTICS 1
| #define _TANDEM_SOURCE 1
| #define HAVE_FSEEKO 1
| #define HAVE_ALLOCA_H 1
| #define HAVE_ALLOCA 1
| #define restrict __restrict
| #define HAVE_INCLUDE_NEXT 1
| #define HAVE_FLOAT_H 1
| #define HAVE_STDIO_EXT_H 1
| #define HAVE_TERMIOS_H 1
| #define HAVE_SYS_SOCKET_H 1
| #define HAVE_STDARG_H 1
| #define HAVE_STDINT_H 1
| #define HAVE_WCHAR_H 1
| #define HAVE_STDIO_H 1
| #define HAVE_STDLIB_H 1
| #define HAVE_SYSEXITS_H 1
| #define HAVE_UNISTD_H 1
| #define HAVE_DECL_GETDELIM 1
| #define HAVE_DECL_GETLINE 1
| #define HAVE_GETOPT_H 1
| #define HAVE_GETOPT_LONG_ONLY 1
| #define HAVE_DECL_GETENV 1
| #define HAVE_DECL_GETPASS 1
| #define HAVE___FSETLOCKING 1
| #define HAVE_TCGETATTR 1
| #define HAVE_TCSETATTR 1
| /* end confdefs.h.  */
| /* Define vasnprintf to an innocuous variant, in case <limits.h> declares vasnprintf.
|    For example, HP-UX 11i <limits.h> declares gettimeofday.  */
| #define vasnprintf innocuous_vasnprintf
| 
| /* System header to define __stub macros and hopefully few prototypes,
|     which can conflict with char vasnprintf (); below.
|     Prefer <limits.h> to <assert.h> if __STDC__ is defined, since
|     <limits.h> exists even on freestanding compilers.  */
| 
| #ifdef __STDC__
| # include <limits.h>
| #else
| # include <assert.h>
| #endif
| 
| #undef vasnprintf
| 
| /* Override any GCC internal prototype to avoid an error.
|    Use char because int might match the return type of a GCC
|    builtin and then its argument prototype would still apply.  */
| #ifdef __cplusplus
| extern "C"
| #endif
| char vasnprintf ();
| /* The GNU C library defines this for functions which it implements
|     to always fail with ENOSYS.  Some functions are actually named
|     something starting with __ and the normal name is an alias.  */
| #if defined __stub_vasnprintf || defined __stub___vasnprintf
| choke me
| #endif
| 
| int
| main ()
| {
| return vasnprintf ();
|   ;
|   return 0;
| }
configure:7561: result: no
configure:7589: checking whether fflush_unlocked is declared
configure:7618: gcc -std=gnu99 -c -g -O2  conftest.c >&5
configure:7624: $? = 0
configure:7639: result: yes
configure:7659: checking whether flockfile is declared
configure:7688: gcc -std=gnu99 -c -g -O2  conftest.c >&5
configure:7694: $? = 0
configure:7709: result: yes
configure:7729: checking whether fputs_unlocked is declared
configure:7758: gcc -std=gnu99 -c -g -O2  conftest.c >&5
configure:7764: $? = 0
configure:7779: result: yes
configure:7799: checking whether funlockfile is declared
configure:7828: gcc -std=gnu99 -c -g -O2  conftest.c >&5
configure:7834: $? = 0
configure:7849: result: yes
configure:7869: checking whether putc_unlocked is declared
configure:7898: gcc -std=gnu99 -c -g -O2  conftest.c >&5
configure:7904: $? = 0
configure:7919: result: yes
configure:7968: checking whether malloc, realloc, calloc are POSIX compliant
configure:7998: gcc -std=gnu99 -c -g -O2  conftest.c >&5
configure:8004: $? = 0
configure:8020: result: yes
configure:8058: checking whether <sys/socket.h> is self-contained
configure:8085: gcc -std=gnu99 -c -g -O2  conftest.c >&5
configure:8091: $? = 0
configure:8107: result: yes
configure:8115: checking for shutdown
configure:8171: gcc -std=gnu99 -o conftest -g -O2   conftest.c  >&5
configure:8177: $? = 0
configure:8195: result: yes
configure:8206: checking whether <sys/socket.h> defines the SHUT_* macros
configure:8233: gcc -std=gnu99 -c -g -O2  conftest.c >&5
configure:8239: $? = 0
configure:8255: result: yes
configure:8489: checking for stdbool.h that conforms to C99
configure:8582: gcc -std=gnu99 -c -g -O2  conftest.c >&5
configure:8588: $? = 0
configure:8603: result: yes
configure:8605: checking for _Bool
configure:8635: gcc -std=gnu99 -c -g -O2  conftest.c >&5
configure:8641: $? = 0
configure:8656: result: yes
configure:8675: checking for long long int
configure:8722: gcc -std=gnu99 -o conftest -g -O2   conftest.c  >&5
configure:8728: $? = 0
configure:8773: gcc -std=gnu99 -o conftest -g -O2   conftest.c  >&5
configure:8776: $? = 0
configure:8782: ./conftest
configure:8785: $? = 0
configure:8810: result: yes
configure:8821: checking for unsigned long long int
configure:8868: gcc -std=gnu99 -o conftest -g -O2   conftest.c  >&5
configure:8874: $? = 0
configure:8891: result: yes
configure:8944: checking for wchar_t
configure:8971: gcc -std=gnu99 -c -g -O2  conftest.c >&5
configure:8977: $? = 0
configure:8992: result: yes
configure:9003: checking for wint_t
configure:9038: gcc -std=gnu99 -c -g -O2  conftest.c >&5
configure:9044: $? = 0
configure:9059: result: yes
configure:9069: checking for size_t
configure:9099: gcc -std=gnu99 -c -g -O2  conftest.c >&5
configure:9105: $? = 0
configure:9120: result: yes
configure:9133: checking for inttypes.h
configure:9160: gcc -std=gnu99 -c -g -O2  conftest.c >&5
configure:9166: $? = 0
configure:9181: result: yes
configure:9192: checking for stdint.h
configure:9219: gcc -std=gnu99 -c -g -O2  conftest.c >&5
configure:9225: $? = 0
configure:9240: result: yes
configure:9253: checking for intmax_t
configure:9288: gcc -std=gnu99 -c -g -O2  conftest.c >&5
configure:9294: $? = 0
configure:9309: result: yes
configure:9362: checking for EOVERFLOW
configure:9760: result: yes
configure:9783: checking for alloca as a compiler built-in
configure:9811: result: yes
configure:9929: checking for fseeko
configure:9956: gcc -std=gnu99 -o conftest -g -O2   conftest.c  >&5
configure:9962: $? = 0
configure:9980: result: yes
configure:10036: checking for getdelim
configure:10092: gcc -std=gnu99 -o conftest -g -O2   conftest.c  >&5
configure:10098: $? = 0
configure:10116: result: yes
configure:10261: checking for getline
configure:10317: gcc -std=gnu99 -o conftest -g -O2   conftest.c  >&5
configure:10323: $? = 0
configure:10340: result: yes
configure:10349: checking for working getline function
configure:10410: gcc -std=gnu99 -o conftest -g -O2   conftest.c  >&5
configure:10413: $? = 0
configure:10419: ./conftest
configure:10422: $? = 0
configure:10438: result: yes
configure:10779: checking whether __fsetlocking is declared
configure:10812: gcc -std=gnu99 -c -g -O2  conftest.c >&5
configure:10818: $? = 0
configure:10833: result: yes
configure:10899: checking whether the compiler generally respects inline
configure:10930: gcc -std=gnu99 -c -g -O2  conftest.c >&5
configure:10936: $? = 0
configure:10953: result: yes
configure:10966: checking whether lseek detects pipes
configure:10989: gcc -std=gnu99 -o conftest -g -O2   conftest.c  >&5
configure:10995: $? = 0
configure:11053: result: yes
configure:11128: checking for stdint.h
configure:11134: result: yes
configure:11268: checking for SIZE_MAX
configure:11981: result: yes
configure:11991: checking for socklen_t
configure:12027: gcc -std=gnu99 -c -g -O2  conftest.c >&5
configure:12033: $? = 0
configure:12048: result: yes
configure:12132: checking for va_copy
configure:12163: gcc -std=gnu99 -c -g -O2  conftest.c >&5
configure:12169: $? = 0
configure:12185: result: yes
configure:12439: checking whether stdint.h conforms to C99
configure:12618: gcc -std=gnu99 -c -g -O2  conftest.c >&5
configure:12624: $? = 0
configure:12639: result: yes
configure:13519: checking whether <sys/socket.h> is self-contained
configure:13568: result: yes
configure:13576: checking for shutdown
configure:13656: result: yes
configure:13667: checking whether <sys/socket.h> defines the SHUT_* macros
configure:13716: result: yes
configure:13944: checking for a thread-safe mkdir -p
configure:13983: result: /bin/mkdir -p
configure:14086: gcc -std=gnu99 -c -g -O2  conftest.c >&5
configure:14092: $? = 0
configure:14254: checking for ptrdiff_t
configure:14284: gcc -std=gnu99 -c -g -O2  conftest.c >&5
configure:14290: $? = 0
configure:14305: result: yes
configure:14330: checking for snprintf
configure:14386: gcc -std=gnu99 -o conftest -g -O2   conftest.c  >&5
conftest.c:97:6: warning: conflicting types for built-in function 'snprintf'
 char snprintf ();
      ^
configure:14392: $? = 0
configure:14410: result: yes
configure:14330: checking for wcslen
configure:14386: gcc -std=gnu99 -o conftest -g -O2   conftest.c  >&5
configure:14392: $? = 0
configure:14410: result: yes
configure:14420: checking whether _snprintf is declared
configure:14450: gcc -std=gnu99 -c -g -O2  conftest.c >&5
conftest.c: In function 'main':
conftest.c:82:10: error: '_snprintf' undeclared (first use in this function)
   (void) _snprintf;
          ^
conftest.c:82:10: note: each undeclared identifier is reported only once for each function it appears in
configure:14456: $? = 1
configure: failed program was:
| /* confdefs.h.  */
| #define PACKAGE_NAME "msmtp"
| #define PACKAGE_TARNAME "msmtp"
| #define PACKAGE_VERSION "1.4.16"
| #define PACKAGE_STRING "msmtp 1.4.16"
| #define PACKAGE_BUGREPORT "marlam@marlam.de"
| #define PACKAGE "msmtp"
| #define VERSION "1.4.16"
| #define _GNU_SOURCE 1
| #define STDC_HEADERS 1
| #define HAVE_SYS_TYPES_H 1
| #define HAVE_SYS_STAT_H 1
| #define HAVE_STDLIB_H 1
| #define HAVE_STRING_H 1
| #define HAVE_MEMORY_H 1
| #define HAVE_STRINGS_H 1
| #define HAVE_INTTYPES_H 1
| #define HAVE_STDINT_H 1
| #define HAVE_UNISTD_H 1
| #define __EXTENSIONS__ 1
| #define _ALL_SOURCE 1
| #define _GNU_SOURCE 1
| #define _POSIX_PTHREAD_SEMANTICS 1
| #define _TANDEM_SOURCE 1
| #define HAVE_FSEEKO 1
| #define HAVE_ALLOCA_H 1
| #define HAVE_ALLOCA 1
| #define restrict __restrict
| #define HAVE_INCLUDE_NEXT 1
| #define HAVE_FLOAT_H 1
| #define HAVE_STDIO_EXT_H 1
| #define HAVE_TERMIOS_H 1
| #define HAVE_SYS_SOCKET_H 1
| #define HAVE_STDARG_H 1
| #define HAVE_STDINT_H 1
| #define HAVE_WCHAR_H 1
| #define HAVE_STDIO_H 1
| #define HAVE_STDLIB_H 1
| #define HAVE_SYSEXITS_H 1
| #define HAVE_UNISTD_H 1
| #define HAVE_DECL_GETDELIM 1
| #define HAVE_DECL_GETLINE 1
| #define HAVE_GETOPT_H 1
| #define HAVE_GETOPT_LONG_ONLY 1
| #define HAVE_DECL_GETENV 1
| #define HAVE_DECL_GETPASS 1
| #define HAVE___FSETLOCKING 1
| #define HAVE_TCGETATTR 1
| #define HAVE_TCSETATTR 1
| #define HAVE_DECL_FFLUSH_UNLOCKED 1
| #define HAVE_DECL_FLOCKFILE 1
| #define HAVE_DECL_FPUTS_UNLOCKED 1
| #define HAVE_DECL_FUNLOCKFILE 1
| #define HAVE_DECL_PUTC_UNLOCKED 1
| #define HAVE_SHUTDOWN 1
| #define HAVE__BOOL 1
| #define HAVE_STDBOOL_H 1
| #define HAVE_LONG_LONG_INT 1
| #define HAVE_UNSIGNED_LONG_LONG_INT 1
| #define HAVE_WCHAR_T 1
| #define HAVE_WINT_T 1
| #define HAVE_INTTYPES_H_WITH_UINTMAX 1
| #define HAVE_STDINT_H_WITH_UINTMAX 1
| #define HAVE_INTMAX_T 1
| #define HAVE_ALLOCA 1
| #define HAVE_GETDELIM 1
| #define HAVE_DECL___FSETLOCKING 1
| #define getpass gnu_getpass
| #define HAVE_INLINE 1
| #define HAVE_REALLOC_POSIX 1
| #define HAVE_STDINT_H 1
| #define HAVE_SHUTDOWN 1
| #define HAVE_SNPRINTF 1
| #define HAVE_WCSLEN 1
| /* end confdefs.h.  */
| #include <stdio.h>
| 
| int
| main ()
| {
| #ifndef _snprintf
|   (void) _snprintf;
| #endif
| 
|   ;
|   return 0;
| }
configure:14471: result: no
configure:14500: checking for vasprintf
configure:14556: gcc -std=gnu99 -o conftest -g -O2   conftest.c  >&5
configure:14562: $? = 0
configure:14580: result: yes
configure:14642: checking whether <wchar.h> is standalone
configure:14657: gcc -std=gnu99 -c -g -O2  conftest.c >&5
configure:14663: $? = 0
configure:14678: result: yes
configure:14775: checking for stdint.h
configure:14781: result: yes
configure:14957: checking whether NLS is requested
configure:14966: result: yes
configure:15007: checking for msgfmt
configure: trying /usr/bin/msgfmt...
0 translated messages.
configure:15039: result: /usr/bin/msgfmt
configure:15048: checking for gmsgfmt
configure:15079: result: /usr/bin/msgfmt
configure:15130: checking for xgettext
configure: trying /usr/bin/xgettext...
/usr/bin/xgettext: warning: file '/dev/null' extension '' is unknown; will try C
configure:15162: result: /usr/bin/xgettext
configure:15208: checking for msgmerge
configure: trying /usr/bin/msgmerge...
configure:15239: result: /usr/bin/msgmerge
configure:15296: checking for ld used by GCC
configure:15360: result: /usr/bin/ld
configure:15369: checking if the linker (/usr/bin/ld) is GNU ld
configure:15382: result: yes
configure:15389: checking for shared library run path origin
configure:15402: result: done
configure:15911: checking for CFPreferencesCopyAppValue
configure:15939: gcc -std=gnu99 -o conftest -g -O2   conftest.c  -Wl,-framework -Wl,CoreFoundation >&5
conftest.c:79:42: fatal error: CoreFoundation/CFPreferences.h: No such file or directory
 #include <CoreFoundation/CFPreferences.h>
                                          ^
compilation terminated.
configure:15945: $? = 1
configure: failed program was:
| /* confdefs.h.  */
| #define PACKAGE_NAME "msmtp"
| #define PACKAGE_TARNAME "msmtp"
| #define PACKAGE_VERSION "1.4.16"
| #define PACKAGE_STRING "msmtp 1.4.16"
| #define PACKAGE_BUGREPORT "marlam@marlam.de"
| #define PACKAGE "msmtp"
| #define VERSION "1.4.16"
| #define _GNU_SOURCE 1
| #define STDC_HEADERS 1
| #define HAVE_SYS_TYPES_H 1
| #define HAVE_SYS_STAT_H 1
| #define HAVE_STDLIB_H 1
| #define HAVE_STRING_H 1
| #define HAVE_MEMORY_H 1
| #define HAVE_STRINGS_H 1
| #define HAVE_INTTYPES_H 1
| #define HAVE_STDINT_H 1
| #define HAVE_UNISTD_H 1
| #define __EXTENSIONS__ 1
| #define _ALL_SOURCE 1
| #define _GNU_SOURCE 1
| #define _POSIX_PTHREAD_SEMANTICS 1
| #define _TANDEM_SOURCE 1
| #define HAVE_FSEEKO 1
| #define HAVE_ALLOCA_H 1
| #define HAVE_ALLOCA 1
| #define restrict __restrict
| #define HAVE_INCLUDE_NEXT 1
| #define HAVE_FLOAT_H 1
| #define HAVE_STDIO_EXT_H 1
| #define HAVE_TERMIOS_H 1
| #define HAVE_SYS_SOCKET_H 1
| #define HAVE_STDARG_H 1
| #define HAVE_STDINT_H 1
| #define HAVE_WCHAR_H 1
| #define HAVE_STDIO_H 1
| #define HAVE_STDLIB_H 1
| #define HAVE_SYSEXITS_H 1
| #define HAVE_UNISTD_H 1
| #define HAVE_DECL_GETDELIM 1
| #define HAVE_DECL_GETLINE 1
| #define HAVE_GETOPT_H 1
| #define HAVE_GETOPT_LONG_ONLY 1
| #define HAVE_DECL_GETENV 1
| #define HAVE_DECL_GETPASS 1
| #define HAVE___FSETLOCKING 1
| #define HAVE_TCGETATTR 1
| #define HAVE_TCSETATTR 1
| #define HAVE_DECL_FFLUSH_UNLOCKED 1
| #define HAVE_DECL_FLOCKFILE 1
| #define HAVE_DECL_FPUTS_UNLOCKED 1
| #define HAVE_DECL_FUNLOCKFILE 1
| #define HAVE_DECL_PUTC_UNLOCKED 1
| #define HAVE_SHUTDOWN 1
| #define HAVE__BOOL 1
| #define HAVE_STDBOOL_H 1
| #define HAVE_LONG_LONG_INT 1
| #define HAVE_UNSIGNED_LONG_LONG_INT 1
| #define HAVE_WCHAR_T 1
| #define HAVE_WINT_T 1
| #define HAVE_INTTYPES_H_WITH_UINTMAX 1
| #define HAVE_STDINT_H_WITH_UINTMAX 1
| #define HAVE_INTMAX_T 1
| #define HAVE_ALLOCA 1
| #define HAVE_GETDELIM 1
| #define HAVE_DECL___FSETLOCKING 1
| #define getpass gnu_getpass
| #define HAVE_INLINE 1
| #define HAVE_REALLOC_POSIX 1
| #define HAVE_STDINT_H 1
| #define HAVE_SHUTDOWN 1
| #define HAVE_SNPRINTF 1
| #define HAVE_WCSLEN 1
| #define HAVE_DECL__SNPRINTF 0
| #define HAVE_VASPRINTF 1
| #define HAVE_STDINT_H 1
| /* end confdefs.h.  */
| #include <CoreFoundation/CFPreferences.h>
| int
| main ()
| {
| CFPreferencesCopyAppValue(NULL, NULL)
|   ;
|   return 0;
| }
configure:15963: result: no
configure:15972: checking for CFLocaleCopyCurrent
configure:16000: gcc -std=gnu99 -o conftest -g -O2   conftest.c  -Wl,-framework -Wl,CoreFoundation >&5
conftest.c:79:37: fatal error: CoreFoundation/CFLocale.h: No such file or directory
 #include <CoreFoundation/CFLocale.h>
                                     ^
compilation terminated.
configure:16006: $? = 1
configure: failed program was:
| /* confdefs.h.  */
| #define PACKAGE_NAME "msmtp"
| #define PACKAGE_TARNAME "msmtp"
| #define PACKAGE_VERSION "1.4.16"
| #define PACKAGE_STRING "msmtp 1.4.16"
| #define PACKAGE_BUGREPORT "marlam@marlam.de"
| #define PACKAGE "msmtp"
| #define VERSION "1.4.16"
| #define _GNU_SOURCE 1
| #define STDC_HEADERS 1
| #define HAVE_SYS_TYPES_H 1
| #define HAVE_SYS_STAT_H 1
| #define HAVE_STDLIB_H 1
| #define HAVE_STRING_H 1
| #define HAVE_MEMORY_H 1
| #define HAVE_STRINGS_H 1
| #define HAVE_INTTYPES_H 1
| #define HAVE_STDINT_H 1
| #define HAVE_UNISTD_H 1
| #define __EXTENSIONS__ 1
| #define _ALL_SOURCE 1
| #define _GNU_SOURCE 1
| #define _POSIX_PTHREAD_SEMANTICS 1
| #define _TANDEM_SOURCE 1
| #define HAVE_FSEEKO 1
| #define HAVE_ALLOCA_H 1
| #define HAVE_ALLOCA 1
| #define restrict __restrict
| #define HAVE_INCLUDE_NEXT 1
| #define HAVE_FLOAT_H 1
| #define HAVE_STDIO_EXT_H 1
| #define HAVE_TERMIOS_H 1
| #define HAVE_SYS_SOCKET_H 1
| #define HAVE_STDARG_H 1
| #define HAVE_STDINT_H 1
| #define HAVE_WCHAR_H 1
| #define HAVE_STDIO_H 1
| #define HAVE_STDLIB_H 1
| #define HAVE_SYSEXITS_H 1
| #define HAVE_UNISTD_H 1
| #define HAVE_DECL_GETDELIM 1
| #define HAVE_DECL_GETLINE 1
| #define HAVE_GETOPT_H 1
| #define HAVE_GETOPT_LONG_ONLY 1
| #define HAVE_DECL_GETENV 1
| #define HAVE_DECL_GETPASS 1
| #define HAVE___FSETLOCKING 1
| #define HAVE_TCGETATTR 1
| #define HAVE_TCSETATTR 1
| #define HAVE_DECL_FFLUSH_UNLOCKED 1
| #define HAVE_DECL_FLOCKFILE 1
| #define HAVE_DECL_FPUTS_UNLOCKED 1
| #define HAVE_DECL_FUNLOCKFILE 1
| #define HAVE_DECL_PUTC_UNLOCKED 1
| #define HAVE_SHUTDOWN 1
| #define HAVE__BOOL 1
| #define HAVE_STDBOOL_H 1
| #define HAVE_LONG_LONG_INT 1
| #define HAVE_UNSIGNED_LONG_LONG_INT 1
| #define HAVE_WCHAR_T 1
| #define HAVE_WINT_T 1
| #define HAVE_INTTYPES_H_WITH_UINTMAX 1
| #define HAVE_STDINT_H_WITH_UINTMAX 1
| #define HAVE_INTMAX_T 1
| #define HAVE_ALLOCA 1
| #define HAVE_GETDELIM 1
| #define HAVE_DECL___FSETLOCKING 1
| #define getpass gnu_getpass
| #define HAVE_INLINE 1
| #define HAVE_REALLOC_POSIX 1
| #define HAVE_STDINT_H 1
| #define HAVE_SHUTDOWN 1
| #define HAVE_SNPRINTF 1
| #define HAVE_WCSLEN 1
| #define HAVE_DECL__SNPRINTF 0
| #define HAVE_VASPRINTF 1
| #define HAVE_STDINT_H 1
| /* end confdefs.h.  */
| #include <CoreFoundation/CFLocale.h>
| int
| main ()
| {
| CFLocaleCopyCurrent();
|   ;
|   return 0;
| }
configure:16024: result: no
configure:16075: checking for GNU gettext in libc
configure:16105: gcc -std=gnu99 -o conftest -g -O2   conftest.c  >&5
configure:16111: $? = 0
configure:16129: result: yes
configure:17021: checking whether to use NLS
configure:17023: result: yes
configure:17026: checking where the gettext function comes from
configure:17037: result: libc
configure:17103: checking for syslog
configure:17159: gcc -std=gnu99 -o conftest -g -O2   conftest.c  >&5
configure:17165: $? = 0
configure:17183: result: yes
configure:17193: checking for library containing nanosleep
configure:17234: gcc -std=gnu99 -o conftest -g -O2   conftest.c  >&5
configure:17240: $? = 0
configure:17268: result: none required
configure:17292: checking for socket
configure:17348: gcc -std=gnu99 -o conftest -g -O2   conftest.c  >&5
configure:17354: $? = 0
configure:17371: result: yes
configure:17443: checking for getaddrinfo
configure:17499: gcc -std=gnu99 -o conftest -g -O2   conftest.c  >&5
configure:17505: $? = 0
configure:17522: result: yes
configure:18344: checking for libgnutls
configure:18374: gcc -std=gnu99 -o conftest -g -O2   conftest.c  -lgnutls >&5
conftest.c:84:27: fatal error: gnutls/gnutls.h: No such file or directory
 #include <gnutls/gnutls.h>
                           ^
compilation terminated.
configure:18380: $? = 1
configure: failed program was:
| /* confdefs.h.  */
| #define PACKAGE_NAME "msmtp"
| #define PACKAGE_TARNAME "msmtp"
| #define PACKAGE_VERSION "1.4.16"
| #define PACKAGE_STRING "msmtp 1.4.16"
| #define PACKAGE_BUGREPORT "marlam@marlam.de"
| #define PACKAGE "msmtp"
| #define VERSION "1.4.16"
| #define _GNU_SOURCE 1
| #define STDC_HEADERS 1
| #define HAVE_SYS_TYPES_H 1
| #define HAVE_SYS_STAT_H 1
| #define HAVE_STDLIB_H 1
| #define HAVE_STRING_H 1
| #define HAVE_MEMORY_H 1
| #define HAVE_STRINGS_H 1
| #define HAVE_INTTYPES_H 1
| #define HAVE_STDINT_H 1
| #define HAVE_UNISTD_H 1
| #define __EXTENSIONS__ 1
| #define _ALL_SOURCE 1
| #define _GNU_SOURCE 1
| #define _POSIX_PTHREAD_SEMANTICS 1
| #define _TANDEM_SOURCE 1
| #define HAVE_FSEEKO 1
| #define HAVE_ALLOCA_H 1
| #define HAVE_ALLOCA 1
| #define restrict __restrict
| #define HAVE_INCLUDE_NEXT 1
| #define HAVE_FLOAT_H 1
| #define HAVE_STDIO_EXT_H 1
| #define HAVE_TERMIOS_H 1
| #define HAVE_SYS_SOCKET_H 1
| #define HAVE_STDARG_H 1
| #define HAVE_STDINT_H 1
| #define HAVE_WCHAR_H 1
| #define HAVE_STDIO_H 1
| #define HAVE_STDLIB_H 1
| #define HAVE_SYSEXITS_H 1
| #define HAVE_UNISTD_H 1
| #define HAVE_DECL_GETDELIM 1
| #define HAVE_DECL_GETLINE 1
| #define HAVE_GETOPT_H 1
| #define HAVE_GETOPT_LONG_ONLY 1
| #define HAVE_DECL_GETENV 1
| #define HAVE_DECL_GETPASS 1
| #define HAVE___FSETLOCKING 1
| #define HAVE_TCGETATTR 1
| #define HAVE_TCSETATTR 1
| #define HAVE_DECL_FFLUSH_UNLOCKED 1
| #define HAVE_DECL_FLOCKFILE 1
| #define HAVE_DECL_FPUTS_UNLOCKED 1
| #define HAVE_DECL_FUNLOCKFILE 1
| #define HAVE_DECL_PUTC_UNLOCKED 1
| #define HAVE_SHUTDOWN 1
| #define HAVE__BOOL 1
| #define HAVE_STDBOOL_H 1
| #define HAVE_LONG_LONG_INT 1
| #define HAVE_UNSIGNED_LONG_LONG_INT 1
| #define HAVE_WCHAR_T 1
| #define HAVE_WINT_T 1
| #define HAVE_INTTYPES_H_WITH_UINTMAX 1
| #define HAVE_STDINT_H_WITH_UINTMAX 1
| #define HAVE_INTMAX_T 1
| #define HAVE_ALLOCA 1
| #define HAVE_GETDELIM 1
| #define HAVE_DECL___FSETLOCKING 1
| #define getpass gnu_getpass
| #define HAVE_INLINE 1
| #define HAVE_REALLOC_POSIX 1
| #define HAVE_STDINT_H 1
| #define HAVE_SHUTDOWN 1
| #define HAVE_SNPRINTF 1
| #define HAVE_WCSLEN 1
| #define HAVE_DECL__SNPRINTF 0
| #define HAVE_VASPRINTF 1
| #define HAVE_STDINT_H 1
| #define ENABLE_NLS 1
| #define HAVE_GETTEXT 1
| #define HAVE_DCGETTEXT 1
| #define HAVE_SYSLOG 1
| #define HAVE_GETADDRINFO
| /* end confdefs.h.  */
| #include <gnutls/gnutls.h>
| 	 #include <gnutls/x509.h>
| int
| main ()
| {
| gnutls_x509_crt_sign2(0, 0, 0, 0, 0)
|   ;
|   return 0;
| }
configure:18399: result: no
configure:18427: WARNING: Cannot find GNU TLS, disabling
configure:19569: checking for libssl
configure:19599: gcc -std=gnu99 -o conftest -g -O2   conftest.c  -lssl -lcrypto >&5
configure:19605: $? = 0
configure:19624: result: yes
configure:19633: checking how to link with libssl
configure:19635: result: -lssl -lcrypto
configure:20166: checking for libgsasl
configure:20195: gcc -std=gnu99 -o conftest -g -O2   conftest.c  -lssl -lcrypto -lgsasl >&5
conftest.c:87:19: fatal error: gsasl.h: No such file or directory
 #include <gsasl.h>
                   ^
compilation terminated.
configure:20201: $? = 1
configure: failed program was:
| /* confdefs.h.  */
| #define PACKAGE_NAME "msmtp"
| #define PACKAGE_TARNAME "msmtp"
| #define PACKAGE_VERSION "1.4.16"
| #define PACKAGE_STRING "msmtp 1.4.16"
| #define PACKAGE_BUGREPORT "marlam@marlam.de"
| #define PACKAGE "msmtp"
| #define VERSION "1.4.16"
| #define _GNU_SOURCE 1
| #define STDC_HEADERS 1
| #define HAVE_SYS_TYPES_H 1
| #define HAVE_SYS_STAT_H 1
| #define HAVE_STDLIB_H 1
| #define HAVE_STRING_H 1
| #define HAVE_MEMORY_H 1
| #define HAVE_STRINGS_H 1
| #define HAVE_INTTYPES_H 1
| #define HAVE_STDINT_H 1
| #define HAVE_UNISTD_H 1
| #define __EXTENSIONS__ 1
| #define _ALL_SOURCE 1
| #define _GNU_SOURCE 1
| #define _POSIX_PTHREAD_SEMANTICS 1
| #define _TANDEM_SOURCE 1
| #define HAVE_FSEEKO 1
| #define HAVE_ALLOCA_H 1
| #define HAVE_ALLOCA 1
| #define restrict __restrict
| #define HAVE_INCLUDE_NEXT 1
| #define HAVE_FLOAT_H 1
| #define HAVE_STDIO_EXT_H 1
| #define HAVE_TERMIOS_H 1
| #define HAVE_SYS_SOCKET_H 1
| #define HAVE_STDARG_H 1
| #define HAVE_STDINT_H 1
| #define HAVE_WCHAR_H 1
| #define HAVE_STDIO_H 1
| #define HAVE_STDLIB_H 1
| #define HAVE_SYSEXITS_H 1
| #define HAVE_UNISTD_H 1
| #define HAVE_DECL_GETDELIM 1
| #define HAVE_DECL_GETLINE 1
| #define HAVE_GETOPT_H 1
| #define HAVE_GETOPT_LONG_ONLY 1
| #define HAVE_DECL_GETENV 1
| #define HAVE_DECL_GETPASS 1
| #define HAVE___FSETLOCKING 1
| #define HAVE_TCGETATTR 1
| #define HAVE_TCSETATTR 1
| #define HAVE_DECL_FFLUSH_UNLOCKED 1
| #define HAVE_DECL_FLOCKFILE 1
| #define HAVE_DECL_FPUTS_UNLOCKED 1
| #define HAVE_DECL_FUNLOCKFILE 1
| #define HAVE_DECL_PUTC_UNLOCKED 1
| #define HAVE_SHUTDOWN 1
| #define HAVE__BOOL 1
| #define HAVE_STDBOOL_H 1
| #define HAVE_LONG_LONG_INT 1
| #define HAVE_UNSIGNED_LONG_LONG_INT 1
| #define HAVE_WCHAR_T 1
| #define HAVE_WINT_T 1
| #define HAVE_INTTYPES_H_WITH_UINTMAX 1
| #define HAVE_STDINT_H_WITH_UINTMAX 1
| #define HAVE_INTMAX_T 1
| #define HAVE_ALLOCA 1
| #define HAVE_GETDELIM 1
| #define HAVE_DECL___FSETLOCKING 1
| #define getpass gnu_getpass
| #define HAVE_INLINE 1
| #define HAVE_REALLOC_POSIX 1
| #define HAVE_STDINT_H 1
| #define HAVE_SHUTDOWN 1
| #define HAVE_SNPRINTF 1
| #define HAVE_WCSLEN 1
| #define HAVE_DECL__SNPRINTF 0
| #define HAVE_VASPRINTF 1
| #define HAVE_STDINT_H 1
| #define ENABLE_NLS 1
| #define HAVE_GETTEXT 1
| #define HAVE_DCGETTEXT 1
| #define HAVE_SYSLOG 1
| #define HAVE_GETADDRINFO
| #define HAVE_LIBSSL 1
| #define HAVE_OPENSSL
| #define HAVE_TLS
| /* end confdefs.h.  */
| #include <gsasl.h>
| int
| main ()
| {
| gsasl_check_version(0);
|   ;
|   return 0;
| }
configure:20220: result: no
configure:20249: WARNING: Cannot find GNU SASL, disabling
configure:20741: checking for libidn
configure:20770: gcc -std=gnu99 -o conftest -g -O2   conftest.c  -lssl -lcrypto -lidn >&5
conftest.c:87:24: fatal error: stringprep.h: No such file or directory
 #include <stringprep.h>
                        ^
compilation terminated.
configure:20776: $? = 1
configure: failed program was:
| /* confdefs.h.  */
| #define PACKAGE_NAME "msmtp"
| #define PACKAGE_TARNAME "msmtp"
| #define PACKAGE_VERSION "1.4.16"
| #define PACKAGE_STRING "msmtp 1.4.16"
| #define PACKAGE_BUGREPORT "marlam@marlam.de"
| #define PACKAGE "msmtp"
| #define VERSION "1.4.16"
| #define _GNU_SOURCE 1
| #define STDC_HEADERS 1
| #define HAVE_SYS_TYPES_H 1
| #define HAVE_SYS_STAT_H 1
| #define HAVE_STDLIB_H 1
| #define HAVE_STRING_H 1
| #define HAVE_MEMORY_H 1
| #define HAVE_STRINGS_H 1
| #define HAVE_INTTYPES_H 1
| #define HAVE_STDINT_H 1
| #define HAVE_UNISTD_H 1
| #define __EXTENSIONS__ 1
| #define _ALL_SOURCE 1
| #define _GNU_SOURCE 1
| #define _POSIX_PTHREAD_SEMANTICS 1
| #define _TANDEM_SOURCE 1
| #define HAVE_FSEEKO 1
| #define HAVE_ALLOCA_H 1
| #define HAVE_ALLOCA 1
| #define restrict __restrict
| #define HAVE_INCLUDE_NEXT 1
| #define HAVE_FLOAT_H 1
| #define HAVE_STDIO_EXT_H 1
| #define HAVE_TERMIOS_H 1
| #define HAVE_SYS_SOCKET_H 1
| #define HAVE_STDARG_H 1
| #define HAVE_STDINT_H 1
| #define HAVE_WCHAR_H 1
| #define HAVE_STDIO_H 1
| #define HAVE_STDLIB_H 1
| #define HAVE_SYSEXITS_H 1
| #define HAVE_UNISTD_H 1
| #define HAVE_DECL_GETDELIM 1
| #define HAVE_DECL_GETLINE 1
| #define HAVE_GETOPT_H 1
| #define HAVE_GETOPT_LONG_ONLY 1
| #define HAVE_DECL_GETENV 1
| #define HAVE_DECL_GETPASS 1
| #define HAVE___FSETLOCKING 1
| #define HAVE_TCGETATTR 1
| #define HAVE_TCSETATTR 1
| #define HAVE_DECL_FFLUSH_UNLOCKED 1
| #define HAVE_DECL_FLOCKFILE 1
| #define HAVE_DECL_FPUTS_UNLOCKED 1
| #define HAVE_DECL_FUNLOCKFILE 1
| #define HAVE_DECL_PUTC_UNLOCKED 1
| #define HAVE_SHUTDOWN 1
| #define HAVE__BOOL 1
| #define HAVE_STDBOOL_H 1
| #define HAVE_LONG_LONG_INT 1
| #define HAVE_UNSIGNED_LONG_LONG_INT 1
| #define HAVE_WCHAR_T 1
| #define HAVE_WINT_T 1
| #define HAVE_INTTYPES_H_WITH_UINTMAX 1
| #define HAVE_STDINT_H_WITH_UINTMAX 1
| #define HAVE_INTMAX_T 1
| #define HAVE_ALLOCA 1
| #define HAVE_GETDELIM 1
| #define HAVE_DECL___FSETLOCKING 1
| #define getpass gnu_getpass
| #define HAVE_INLINE 1
| #define HAVE_REALLOC_POSIX 1
| #define HAVE_STDINT_H 1
| #define HAVE_SHUTDOWN 1
| #define HAVE_SNPRINTF 1
| #define HAVE_WCSLEN 1
| #define HAVE_DECL__SNPRINTF 0
| #define HAVE_VASPRINTF 1
| #define HAVE_STDINT_H 1
| #define ENABLE_NLS 1
| #define HAVE_GETTEXT 1
| #define HAVE_DCGETTEXT 1
| #define HAVE_SYSLOG 1
| #define HAVE_GETADDRINFO
| #define HAVE_LIBSSL 1
| #define HAVE_OPENSSL
| #define HAVE_TLS
| /* end confdefs.h.  */
| #include <stringprep.h>
| int
| main ()
| {
| stringprep_check_version(0);
|   ;
|   return 0;
| }
configure:20795: result: no
configure:20824: WARNING: Cannot find GNU Libidn, disabling
configure:20832: checking for SecKeychainGetVersion
configure:20860: gcc -std=gnu99 -o conftest -g -O2   conftest.c  -lssl -lcrypto -Wl,-framework -Wl,Security >&5
conftest.c:87:31: fatal error: Security/Security.h: No such file or directory
 #include <Security/Security.h>
                               ^
compilation terminated.
configure:20866: $? = 1
configure: failed program was:
| /* confdefs.h.  */
| #define PACKAGE_NAME "msmtp"
| #define PACKAGE_TARNAME "msmtp"
| #define PACKAGE_VERSION "1.4.16"
| #define PACKAGE_STRING "msmtp 1.4.16"
| #define PACKAGE_BUGREPORT "marlam@marlam.de"
| #define PACKAGE "msmtp"
| #define VERSION "1.4.16"
| #define _GNU_SOURCE 1
| #define STDC_HEADERS 1
| #define HAVE_SYS_TYPES_H 1
| #define HAVE_SYS_STAT_H 1
| #define HAVE_STDLIB_H 1
| #define HAVE_STRING_H 1
| #define HAVE_MEMORY_H 1
| #define HAVE_STRINGS_H 1
| #define HAVE_INTTYPES_H 1
| #define HAVE_STDINT_H 1
| #define HAVE_UNISTD_H 1
| #define __EXTENSIONS__ 1
| #define _ALL_SOURCE 1
| #define _GNU_SOURCE 1
| #define _POSIX_PTHREAD_SEMANTICS 1
| #define _TANDEM_SOURCE 1
| #define HAVE_FSEEKO 1
| #define HAVE_ALLOCA_H 1
| #define HAVE_ALLOCA 1
| #define restrict __restrict
| #define HAVE_INCLUDE_NEXT 1
| #define HAVE_FLOAT_H 1
| #define HAVE_STDIO_EXT_H 1
| #define HAVE_TERMIOS_H 1
| #define HAVE_SYS_SOCKET_H 1
| #define HAVE_STDARG_H 1
| #define HAVE_STDINT_H 1
| #define HAVE_WCHAR_H 1
| #define HAVE_STDIO_H 1
| #define HAVE_STDLIB_H 1
| #define HAVE_SYSEXITS_H 1
| #define HAVE_UNISTD_H 1
| #define HAVE_DECL_GETDELIM 1
| #define HAVE_DECL_GETLINE 1
| #define HAVE_GETOPT_H 1
| #define HAVE_GETOPT_LONG_ONLY 1
| #define HAVE_DECL_GETENV 1
| #define HAVE_DECL_GETPASS 1
| #define HAVE___FSETLOCKING 1
| #define HAVE_TCGETATTR 1
| #define HAVE_TCSETATTR 1
| #define HAVE_DECL_FFLUSH_UNLOCKED 1
| #define HAVE_DECL_FLOCKFILE 1
| #define HAVE_DECL_FPUTS_UNLOCKED 1
| #define HAVE_DECL_FUNLOCKFILE 1
| #define HAVE_DECL_PUTC_UNLOCKED 1
| #define HAVE_SHUTDOWN 1
| #define HAVE__BOOL 1
| #define HAVE_STDBOOL_H 1
| #define HAVE_LONG_LONG_INT 1
| #define HAVE_UNSIGNED_LONG_LONG_INT 1
| #define HAVE_WCHAR_T 1
| #define HAVE_WINT_T 1
| #define HAVE_INTTYPES_H_WITH_UINTMAX 1
| #define HAVE_STDINT_H_WITH_UINTMAX 1
| #define HAVE_INTMAX_T 1
| #define HAVE_ALLOCA 1
| #define HAVE_GETDELIM 1
| #define HAVE_DECL___FSETLOCKING 1
| #define getpass gnu_getpass
| #define HAVE_INLINE 1
| #define HAVE_REALLOC_POSIX 1
| #define HAVE_STDINT_H 1
| #define HAVE_SHUTDOWN 1
| #define HAVE_SNPRINTF 1
| #define HAVE_WCSLEN 1
| #define HAVE_DECL__SNPRINTF 0
| #define HAVE_VASPRINTF 1
| #define HAVE_STDINT_H 1
| #define ENABLE_NLS 1
| #define HAVE_GETTEXT 1
| #define HAVE_DCGETTEXT 1
| #define HAVE_SYSLOG 1
| #define HAVE_GETADDRINFO
| #define HAVE_LIBSSL 1
| #define HAVE_OPENSSL
| #define HAVE_TLS
| /* end confdefs.h.  */
| #include <Security/Security.h>
| int
| main ()
| {
| SecKeychainGetVersion(NULL);
|   ;
|   return 0;
| }
configure:20884: result: no
configure:21057: creating ./config.status

## ---------------------- ##
## Running config.status. ##
## ---------------------- ##

This file was extended by msmtp config.status 1.4.16, which was
generated by GNU Autoconf 2.61.  Invocation command line was

  CONFIG_FILES    = 
  CONFIG_HEADERS  = 
  CONFIG_LINKS    = 
  CONFIG_COMMANDS = 
  $ ./config.status 

on alexfeng

config.status:858: creating Makefile
config.status:858: creating build-aux/Makefile
config.status:858: creating gnulib/Makefile
config.status:858: creating src/Makefile
config.status:858: creating po/Makefile.in
config.status:858: creating doc/Makefile
config.status:858: creating scripts/Makefile
config.status:858: creating config.h
config.status:1205: executing depfiles commands
config.status:1205: executing po-directories commands

## ---------------- ##
## Cache variables. ##
## ---------------- ##

ac_cv_build=x86_64-unknown-linux-gnu
ac_cv_c_bigendian=no
ac_cv_c_compiler_gnu=yes
ac_cv_c_inline=inline
ac_cv_c_restrict=__restrict
ac_cv_decl_EOVERFLOW=yes
ac_cv_env_CC_set=
ac_cv_env_CC_value=
ac_cv_env_CFLAGS_set=
ac_cv_env_CFLAGS_value=
ac_cv_env_CPPFLAGS_set=
ac_cv_env_CPPFLAGS_value=
ac_cv_env_CPP_set=
ac_cv_env_CPP_value=
ac_cv_env_LDFLAGS_set=
ac_cv_env_LDFLAGS_value=
ac_cv_env_LIBS_set=
ac_cv_env_LIBS_value=
ac_cv_env_build_alias_set=
ac_cv_env_build_alias_value=
ac_cv_env_host_alias_set=
ac_cv_env_host_alias_value=
ac_cv_env_target_alias_set=
ac_cv_env_target_alias_value=
ac_cv_func_SecKeychainGetVersion=no
ac_cv_func___fsetlocking=yes
ac_cv_func_alloca_works=yes
ac_cv_func_getaddrinfo=yes
ac_cv_func_getdelim=yes
ac_cv_func_getline=yes
ac_cv_func_getopt_long_only=yes
ac_cv_func_shutdown=yes
ac_cv_func_snprintf=yes
ac_cv_func_socket=yes
ac_cv_func_syslog=yes
ac_cv_func_tcgetattr=yes
ac_cv_func_tcsetattr=yes
ac_cv_func_vasnprintf=no
ac_cv_func_vasprintf=yes
ac_cv_func_wcslen=yes
ac_cv_have_decl___fsetlocking=yes
ac_cv_have_decl__snprintf=no
ac_cv_have_decl_fflush_unlocked=yes
ac_cv_have_decl_flockfile=yes
ac_cv_have_decl_fputs_unlocked=yes
ac_cv_have_decl_funlockfile=yes
ac_cv_have_decl_getdelim=yes
ac_cv_have_decl_getenv=yes
ac_cv_have_decl_getline=yes
ac_cv_have_decl_getpass=yes
ac_cv_have_decl_optreset=no
ac_cv_have_decl_putc_unlocked=yes
ac_cv_header_float_h=yes
ac_cv_header_getopt_h=yes
ac_cv_header_inttypes_h=yes
ac_cv_header_memory_h=yes
ac_cv_header_minix_config_h=no
ac_cv_header_stdarg_h=yes
ac_cv_header_stdbool_h=yes
ac_cv_header_stdc=yes
ac_cv_header_stdint_h=yes
ac_cv_header_stdio_ext_h=yes
ac_cv_header_stdio_h=yes
ac_cv_header_stdlib_h=yes
ac_cv_header_string_h=yes
ac_cv_header_strings_h=yes
ac_cv_header_sys_socket_h=yes
ac_cv_header_sys_stat_h=yes
ac_cv_header_sys_types_h=yes
ac_cv_header_sysexits_h=yes
ac_cv_header_termios_h=yes
ac_cv_header_unistd_h=yes
ac_cv_header_wchar_h=yes
ac_cv_host=x86_64-unknown-linux-gnu
ac_cv_libgnutls=no
ac_cv_libgsasl=no
ac_cv_libidn=no
ac_cv_libssl=yes
ac_cv_objext=o
ac_cv_path_EGREP='/bin/grep -E'
ac_cv_path_GMSGFMT=/usr/bin/msgfmt
ac_cv_path_GREP=/bin/grep
ac_cv_path_MSGFMT=/usr/bin/msgfmt
ac_cv_path_MSGMERGE=/usr/bin/msgmerge
ac_cv_path_XGETTEXT=/usr/bin/xgettext
ac_cv_path_install='/usr/bin/install -c'
ac_cv_path_mkdir=/bin/mkdir
ac_cv_prog_AWK=gawk
ac_cv_prog_CPP='gcc -E'
ac_cv_prog_ac_ct_CC=gcc
ac_cv_prog_ac_ct_RANLIB=ranlib
ac_cv_prog_cc_c89=
ac_cv_prog_cc_c99=-std=gnu99
ac_cv_prog_cc_g=yes
ac_cv_prog_cc_stdc=-std=gnu99
ac_cv_prog_make_make_set=yes
ac_cv_safe_to_define___extensions__=yes
ac_cv_search_nanosleep='none required'
ac_cv_sys_file_offset_bits=no
ac_cv_sys_largefile_CC=no
ac_cv_sys_largefile_source=no
ac_cv_target=x86_64-unknown-linux-gnu
ac_cv_type__Bool=yes
ac_cv_type_long_long_int=yes
ac_cv_type_ptrdiff_t=yes
ac_cv_type_size_t=yes
ac_cv_type_socklen_t=yes
ac_cv_type_unsigned_long_long_int=yes
ac_cv_working_alloca_h=yes
acl_cv_hardcode_direct=no
acl_cv_hardcode_libdir_flag_spec='${wl}-rpath ${wl}$libdir'
acl_cv_hardcode_libdir_separator=
acl_cv_hardcode_minus_L=no
acl_cv_libext=a
acl_cv_libname_spec='lib$name'
acl_cv_library_names_spec='$libname$shrext'
acl_cv_path_LD=/usr/bin/ld
acl_cv_prog_gnu_ld=yes
acl_cv_rpath=done
acl_cv_shlibext=so
acl_cv_wl=-Wl,
am_cv_CC_dependencies_compiler_type=gcc3
am_cv_func_working_getline=yes
gl_cv_c_inline_effective=yes
gl_cv_func_fseeko=yes
gl_cv_func_gnu_getopt=yes
gl_cv_func_lseek_pipe=yes
gl_cv_func_malloc_posix=yes
gl_cv_func_va_copy=yes
gl_cv_have_include_next=yes
gl_cv_header_inttypes_h=yes
gl_cv_header_stdint_h=yes
gl_cv_header_sys_socket_h_selfcontained=yes
gl_cv_header_sys_socket_h_shut=yes
gl_cv_header_wchar_h_standalone=yes
gl_cv_header_working_stdint_h=yes
gl_cv_next_stdint_h='<stdint.h>'
gl_cv_next_stdio_h='<stdio.h>'
gl_cv_next_stdlib_h='<stdlib.h>'
gl_cv_next_sysexits_h='<sysexits.h>'
gl_cv_next_unistd_h='<unistd.h>'
gl_cv_next_wchar_h='<wchar.h>'
gl_cv_rpl_alloca=yes
gl_cv_size_max=yes
gl_cv_var_stdin_large_offset=yes
gt_cv_c_intmax_t=yes
gt_cv_c_wchar_t=yes
gt_cv_c_wint_t=yes
gt_cv_func_CFLocaleCopyCurrent=no
gt_cv_func_CFPreferencesCopyAppValue=no
gt_cv_func_gnugettext1_libc=yes

## ----------------- ##
## Output variables. ##
## ----------------- ##

ACLOCAL='${SHELL} /home/alexfeng/study/py/msmtp-1.4.16/build-aux/missing --run aclocal-1.10'
ALLOCA=''
ALLOCA_H='alloca.h'
AMDEPBACKSLASH='\'
AMDEP_FALSE='#'
AMDEP_TRUE=''
AMTAR='${SHELL} /home/alexfeng/study/py/msmtp-1.4.16/build-aux/missing --run tar'
AUTOCONF='${SHELL} /home/alexfeng/study/py/msmtp-1.4.16/build-aux/missing --run autoconf'
AUTOHEADER='${SHELL} /home/alexfeng/study/py/msmtp-1.4.16/build-aux/missing --run autoheader'
AUTOMAKE='${SHELL} /home/alexfeng/study/py/msmtp-1.4.16/build-aux/missing --run automake-1.10'
AWK='gawk'
BITSIZEOF_PTRDIFF_T=''
BITSIZEOF_SIG_ATOMIC_T=''
BITSIZEOF_SIZE_T=''
BITSIZEOF_WCHAR_T=''
BITSIZEOF_WINT_T=''
CC='gcc -std=gnu99'
CCDEPMODE='depmode=gcc3'
CFLAGS='-g -O2'
CPP='gcc -E'
CPPFLAGS=''
CYGPATH_W='echo'
DEFS='-DHAVE_CONFIG_H'
DEPDIR='.deps'
ECHO_C=''
ECHO_N='-n'
ECHO_T=''
EGREP='/bin/grep -E'
EOVERFLOW=''
EXEEXT=''
FLOAT_H=''
GETOPT_H=''
GETTEXT_MACRO_VERSION='0.17'
GL_COND_LIBTOOL_FALSE=''
GL_COND_LIBTOOL_TRUE='#'
GMSGFMT='/usr/bin/msgfmt'
GMSGFMT_015='/usr/bin/msgfmt'
GNULIB_CALLOC_POSIX='0'
GNULIB_CHOWN='0'
GNULIB_DUP2='0'
GNULIB_ENVIRON='0'
GNULIB_FCHDIR='0'
GNULIB_FFLUSH='0'
GNULIB_FOPEN='0'
GNULIB_FPRINTF_POSIX='0'
GNULIB_FREOPEN='0'
GNULIB_FSEEK='0'
GNULIB_FSEEKO='1'
GNULIB_FTELL='0'
GNULIB_FTELLO='0'
GNULIB_FTRUNCATE='0'
GNULIB_GETCWD='0'
GNULIB_GETDELIM='1'
GNULIB_GETLINE='1'
GNULIB_GETLOGIN_R='0'
GNULIB_GETPAGESIZE='0'
GNULIB_GETSUBOPT='0'
GNULIB_LCHOWN='0'
GNULIB_LSEEK='1'
GNULIB_MALLOC_POSIX='0'
GNULIB_MKDTEMP='0'
GNULIB_MKSTEMP='0'
GNULIB_PRINTF_POSIX='0'
GNULIB_PUTENV='0'
GNULIB_READLINK='0'
GNULIB_REALLOC_POSIX='1'
GNULIB_RPMATCH='0'
GNULIB_SETENV='0'
GNULIB_SLEEP='0'
GNULIB_SNPRINTF='0'
GNULIB_SPRINTF_POSIX='0'
GNULIB_STRTOD='0'
GNULIB_UNSETENV='0'
GNULIB_VASPRINTF='1'
GNULIB_VFPRINTF_POSIX='0'
GNULIB_VPRINTF_POSIX='0'
GNULIB_VSNPRINTF='0'
GNULIB_VSPRINTF_POSIX='0'
GNULIB_WCWIDTH='0'
GREP='/bin/grep'
HAVE_CALLOC_POSIX='1'
HAVE_DECL_ENVIRON='1'
HAVE_DECL_GETDELIM='1'
HAVE_DECL_GETLINE='1'
HAVE_DECL_GETLOGIN_R='1'
HAVE_DECL_SNPRINTF='1'
HAVE_DECL_VSNPRINTF='1'
HAVE_DECL_WCWIDTH='1'
HAVE_DUP2='1'
HAVE_FSEEKO='1'
HAVE_FTELLO='1'
HAVE_FTRUNCATE='1'
HAVE_GETPAGESIZE='1'
HAVE_GETSUBOPT='1'
HAVE_INTTYPES_H='1'
HAVE_LIBGNUTLS='no'
HAVE_LIBGSASL='no'
HAVE_LIBIDN='no'
HAVE_LIBSSL32=''
HAVE_LIBSSL='yes'
HAVE_LONG_LONG_INT='1'
HAVE_MALLOC_POSIX='1'
HAVE_MKDTEMP='1'
HAVE_OS_H='0'
HAVE_READLINK='1'
HAVE_REALLOC_POSIX='1'
HAVE_RPMATCH='1'
HAVE_SETENV='1'
HAVE_SIGNED_SIG_ATOMIC_T=''
HAVE_SIGNED_WCHAR_T=''
HAVE_SIGNED_WINT_T=''
HAVE_SLEEP='1'
HAVE_STDINT_H='1'
HAVE_STRTOD='1'
HAVE_SYSEXITS_H='1'
HAVE_SYS_BITYPES_H=''
HAVE_SYS_INTTYPES_H=''
HAVE_SYS_PARAM_H='0'
HAVE_SYS_SOCKET_H=''
HAVE_SYS_TYPES_H='1'
HAVE_UNISTD_H='1'
HAVE_UNSETENV='1'
HAVE_UNSIGNED_LONG_LONG_INT='1'
HAVE_VASPRINTF='1'
HAVE_WCHAR_H='1'
HAVE_WINSOCK2_H=''
HAVE_WS2TCPIP_H=''
HAVE__BOOL='1'
INCLUDE_NEXT='include_next'
INSTALL_DATA='${INSTALL} -m 644'
INSTALL_PROGRAM='${INSTALL}'
INSTALL_SCRIPT='${INSTALL}'
INSTALL_STRIP_PROGRAM='$(install_sh) -c -s'
INTLLIBS=''
INTL_MACOSX_LIBS=''
LDFLAGS=''
LIBGNUTLS=''
LIBGNUTLS_PREFIX=''
LIBGNU_LIBDEPS=''
LIBGNU_LTLIBDEPS=''
LIBGSASL=''
LIBGSASL_PREFIX=''
LIBICONV='-liconv'
LIBIDN=''
LIBIDN_PREFIX=''
LIBINTL=''
LIBOBJS=''
LIBS=' -lssl -lcrypto'
LIBSSL32=''
LIBSSL32_PREFIX=''
LIBSSL='-lssl -lcrypto'
LIBSSL_PREFIX=''
LTLIBGNUTLS=''
LTLIBGSASL=''
LTLIBICONV='-liconv'
LTLIBIDN=''
LTLIBINTL=''
LTLIBOBJS=''
LTLIBSSL32=''
LTLIBSSL='-lssl -lcrypto'
MAKEINFO='${SHELL} /home/alexfeng/study/py/msmtp-1.4.16/build-aux/missing --run makeinfo'
MSGFMT='/usr/bin/msgfmt'
MSGFMT_015='/usr/bin/msgfmt'
MSGMERGE='/usr/bin/msgmerge'
NEXT_FLOAT_H=''
NEXT_STDARG_H='<stdarg.h>'
NEXT_STDINT_H='<stdint.h>'
NEXT_STDIO_H='<stdio.h>'
NEXT_STDLIB_H='<stdlib.h>'
NEXT_SYSEXITS_H='<sysexits.h>'
NEXT_SYS_SOCKET_H=''
NEXT_UNISTD_H='<unistd.h>'
NEXT_WCHAR_H='<wchar.h>'
OBJEXT='o'
PACKAGE='msmtp'
PACKAGE_BUGREPORT='marlam@marlam.de'
PACKAGE_NAME='msmtp'
PACKAGE_STRING='msmtp 1.4.16'
PACKAGE_TARNAME='msmtp'
PACKAGE_VERSION='1.4.16'
PATH_SEPARATOR=':'
POSUB='po'
PTRDIFF_T_SUFFIX=''
RANLIB='ranlib'
REPLACE_CHOWN='0'
REPLACE_FCHDIR='0'
REPLACE_FFLUSH='0'
REPLACE_FOPEN='0'
REPLACE_FPRINTF='0'
REPLACE_FREOPEN='0'
REPLACE_FSEEK='0'
REPLACE_FSEEKO='0'
REPLACE_FTELL='0'
REPLACE_FTELLO='0'
REPLACE_GETCWD='0'
REPLACE_GETLINE='0'
REPLACE_GETPAGESIZE='0'
REPLACE_LCHOWN='0'
REPLACE_LSEEK='0'
REPLACE_MKSTEMP='0'
REPLACE_PRINTF='0'
REPLACE_PUTENV='0'
REPLACE_SNPRINTF='0'
REPLACE_SPRINTF='0'
REPLACE_STRTOD='0'
REPLACE_VASPRINTF='0'
REPLACE_VFPRINTF='0'
REPLACE_VPRINTF='0'
REPLACE_VSNPRINTF='0'
REPLACE_VSPRINTF='0'
REPLACE_WCWIDTH='0'
SET_MAKE=''
SHELL='/bin/sh'
SIG_ATOMIC_T_SUFFIX=''
SIZE_T_SUFFIX=''
STDARG_H=''
STDBOOL_H=''
STDINT_H=''
STRIP=''
SYSEXITS_H=''
SYS_SOCKET_H=''
USE_NLS='yes'
VERSION='1.4.16'
VOID_UNSETENV='0'
WCHAR_H=''
WCHAR_T_SUFFIX=''
WINT_T_SUFFIX=''
XGETTEXT='/usr/bin/xgettext'
XGETTEXT_015='/usr/bin/xgettext'
XGETTEXT_EXTRA_OPTIONS=' --flag=asprintf:2:c-format --flag=vasprintf:2:c-format --flag=xasprintf:1:c-format'
ac_ct_CC='gcc'
am__fastdepCC_FALSE='#'
am__fastdepCC_TRUE=''
am__include='include'
am__isrc=''
am__leading_dot='.'
am__quote=''
am__tar='${AMTAR} chof - "$$tardir"'
am__untar='${AMTAR} xf -'
bindir='${exec_prefix}/bin'
build='x86_64-unknown-linux-gnu'
build_alias=''
build_cpu='x86_64'
build_os='linux-gnu'
build_vendor='unknown'
datadir='${datarootdir}'
datarootdir='${prefix}/share'
docdir='${datarootdir}/doc/${PACKAGE_TARNAME}'
dvidir='${docdir}'
exec_prefix='${prefix}'
gl_LIBOBJS=' asnprintf.o getpass.o hmac-md5.o md5.o memxor.o printf-args.o printf-parse.o vasnprintf.o xmalloc.o'
gl_LTLIBOBJS=' asnprintf.lo getpass.lo hmac-md5.lo md5.lo memxor.lo printf-args.lo printf-parse.lo vasnprintf.lo xmalloc.lo'
gltests_LIBOBJS=''
gltests_LTLIBOBJS=''
host='x86_64-unknown-linux-gnu'
host_alias=''
host_cpu='x86_64'
host_os='linux-gnu'
host_vendor='unknown'
htmldir='${docdir}'
includedir='${prefix}/include'
infodir='${datarootdir}/info'
install_sh='$(SHELL) /home/alexfeng/study/py/msmtp-1.4.16/build-aux/install-sh'
libdir='${exec_prefix}/lib'
libexecdir='${exec_prefix}/libexec'
localedir='${datarootdir}/locale'
localstatedir='${prefix}/var'
mandir='${datarootdir}/man'
mkdir_p='/bin/mkdir -p'
oldincludedir='/usr/include'
pdfdir='${docdir}'
prefix='/usr/local/msmtp'
program_transform_name='s,x,x,'
psdir='${docdir}'
sbindir='${exec_prefix}/sbin'
sharedstatedir='${prefix}/com'
sysconfdir='${prefix}/etc'
target='x86_64-unknown-linux-gnu'
target_alias=''
target_cpu='x86_64'
target_os='linux-gnu'
target_vendor='unknown'
tls_obj='tls.o'

## ----------- ##
## confdefs.h. ##
## ----------- ##

#define PACKAGE_NAME "msmtp"
#define PACKAGE_TARNAME "msmtp"
#define PACKAGE_VERSION "1.4.16"
#define PACKAGE_STRING "msmtp 1.4.16"
#define PACKAGE_BUGREPORT "marlam@marlam.de"
#define PACKAGE "msmtp"
#define VERSION "1.4.16"
#define _GNU_SOURCE 1
#define STDC_HEADERS 1
#define HAVE_SYS_TYPES_H 1
#define HAVE_SYS_STAT_H 1
#define HAVE_STDLIB_H 1
#define HAVE_STRING_H 1
#define HAVE_MEMORY_H 1
#define HAVE_STRINGS_H 1
#define HAVE_INTTYPES_H 1
#define HAVE_STDINT_H 1
#define HAVE_UNISTD_H 1
#define __EXTENSIONS__ 1
#define _ALL_SOURCE 1
#define _GNU_SOURCE 1
#define _POSIX_PTHREAD_SEMANTICS 1
#define _TANDEM_SOURCE 1
#define HAVE_FSEEKO 1
#define HAVE_ALLOCA_H 1
#define HAVE_ALLOCA 1
#define restrict __restrict
#define HAVE_INCLUDE_NEXT 1
#define HAVE_FLOAT_H 1
#define HAVE_STDIO_EXT_H 1
#define HAVE_TERMIOS_H 1
#define HAVE_SYS_SOCKET_H 1
#define HAVE_STDARG_H 1
#define HAVE_STDINT_H 1
#define HAVE_WCHAR_H 1
#define HAVE_STDIO_H 1
#define HAVE_STDLIB_H 1
#define HAVE_SYSEXITS_H 1
#define HAVE_UNISTD_H 1
#define HAVE_DECL_GETDELIM 1
#define HAVE_DECL_GETLINE 1
#define HAVE_GETOPT_H 1
#define HAVE_GETOPT_LONG_ONLY 1
#define HAVE_DECL_GETENV 1
#define HAVE_DECL_GETPASS 1
#define HAVE___FSETLOCKING 1
#define HAVE_TCGETATTR 1
#define HAVE_TCSETATTR 1
#define HAVE_DECL_FFLUSH_UNLOCKED 1
#define HAVE_DECL_FLOCKFILE 1
#define HAVE_DECL_FPUTS_UNLOCKED 1
#define HAVE_DECL_FUNLOCKFILE 1
#define HAVE_DECL_PUTC_UNLOCKED 1
#define HAVE_SHUTDOWN 1
#define HAVE__BOOL 1
#define HAVE_STDBOOL_H 1
#define HAVE_LONG_LONG_INT 1
#define HAVE_UNSIGNED_LONG_LONG_INT 1
#define HAVE_WCHAR_T 1
#define HAVE_WINT_T 1
#define HAVE_INTTYPES_H_WITH_UINTMAX 1
#define HAVE_STDINT_H_WITH_UINTMAX 1
#define HAVE_INTMAX_T 1
#define HAVE_ALLOCA 1
#define HAVE_GETDELIM 1
#define HAVE_DECL___FSETLOCKING 1
#define getpass gnu_getpass
#define HAVE_INLINE 1
#define HAVE_REALLOC_POSIX 1
#define HAVE_STDINT_H 1
#define HAVE_SHUTDOWN 1
#define HAVE_SNPRINTF 1
#define HAVE_WCSLEN 1
#define HAVE_DECL__SNPRINTF 0
#define HAVE_VASPRINTF 1
#define HAVE_STDINT_H 1
#define ENABLE_NLS 1
#define HAVE_GETTEXT 1
#define HAVE_DCGETTEXT 1
#define HAVE_SYSLOG 1
#define HAVE_GETADDRINFO
#define HAVE_LIBSSL 1
#define HAVE_OPENSSL
#define HAVE_TLS

configure: exit 0
